2020-07-25 22:31:01,583 WARN  [SoapUI] Missing folder [C:\Users\SaradaPrusty\.jenkins\workspace\RESTAssignment\my-app\ext] for external libraries
2020-07-25 22:31:02,438 INFO  [DefaultSoapUICore] initialized soapui-settings from [C:\Users\SaradaPrusty\soapui-settings.xml]
2020-07-25 22:31:10,111 INFO  [PluginManager] Adding plugin from [C:\Users\SaradaPrusty\.soapuios\plugins\ready-mqtt-plugin-dist.jar]
2020-07-25 22:31:10,115 INFO  [PluginManager] Adding plugin from [C:\Users\SaradaPrusty\.soapuios\plugins\soapui-swagger-plugin-2.2-dist.jar]
2020-07-25 22:31:15,376 ERROR [SoapUI] An error occurred [com.eviware.soapui.plugins.auto.factories.AutoImportMethodFactory], see error log for details
2020-07-25 22:31:15,383 ERROR [errorlog] java.lang.ClassNotFoundException: com.eviware.soapui.plugins.auto.factories.AutoImportMethodFactory
java.lang.ClassNotFoundException: com.eviware.soapui.plugins.auto.factories.AutoImportMethodFactory
	at org.codehaus.plexus.classworlds.strategy.SelfFirstStrategy.loadClass(SelfFirstStrategy.java:50)
	at org.codehaus.plexus.classworlds.realm.ClassRealm.unsynchronizedLoadClass(ClassRealm.java:271)
	at org.codehaus.plexus.classworlds.realm.ClassRealm.loadClass(ClassRealm.java:247)
	at org.codehaus.plexus.classworlds.realm.ClassRealm.loadClass(ClassRealm.java:239)
	at java.lang.Class.forName0(Native Method)
	at java.lang.Class.forName(Class.java:264)
	at com.eviware.soapui.plugins.LoaderBase.loadAutoFactories(LoaderBase.java:113)
	at com.eviware.soapui.plugins.LoaderBase.loadFactories(LoaderBase.java:80)
	at com.eviware.soapui.plugins.PluginLoader.loadPluginFactories(PluginLoader.java:141)
	at com.eviware.soapui.plugins.PluginLoader.loadPlugin(PluginLoader.java:104)
	at com.eviware.soapui.plugins.PluginLoader.loadPlugin(PluginLoader.java:54)
	at com.eviware.soapui.plugins.PluginManager.doInstallPlugin(PluginManager.java:141)
	at com.eviware.soapui.plugins.PluginManager.access$600(PluginManager.java:43)
	at com.eviware.soapui.plugins.PluginManager$LoadPluginsTask.computeSequentially(PluginManager.java:420)
	at com.eviware.soapui.plugins.PluginManager$LoadPluginsTask.compute(PluginManager.java:377)
	at com.eviware.soapui.plugins.PluginManager$LoadPluginsTask.compute(PluginManager.java:382)
	at com.eviware.soapui.plugins.PluginManager$LoadPluginsTask.compute(PluginManager.java:365)
	at java.util.concurrent.RecursiveTask.exec(RecursiveTask.java:94)
	at java.util.concurrent.ForkJoinTask.doExec(ForkJoinTask.java:289)
	at java.util.concurrent.ForkJoinPool$WorkQueue.runTask(ForkJoinPool.java:1056)
	at java.util.concurrent.ForkJoinPool.runWorker(ForkJoinPool.java:1692)
	at java.util.concurrent.ForkJoinWorkerThread.run(ForkJoinWorkerThread.java:157)
2020-07-25 22:31:15,393 ERROR [SoapUI] An error occurred [com.eviware.soapui.plugins.auto.factories.AutoDiscoveryMethodFactory], see error log for details
2020-07-25 22:31:15,393 ERROR [errorlog] java.lang.ClassNotFoundException: com.eviware.soapui.plugins.auto.factories.AutoDiscoveryMethodFactory
java.lang.ClassNotFoundException: com.eviware.soapui.plugins.auto.factories.AutoDiscoveryMethodFactory
	at org.codehaus.plexus.classworlds.strategy.SelfFirstStrategy.loadClass(SelfFirstStrategy.java:50)
	at org.codehaus.plexus.classworlds.realm.ClassRealm.unsynchronizedLoadClass(ClassRealm.java:271)
	at org.codehaus.plexus.classworlds.realm.ClassRealm.loadClass(ClassRealm.java:247)
	at org.codehaus.plexus.classworlds.realm.ClassRealm.loadClass(ClassRealm.java:239)
	at java.lang.Class.forName0(Native Method)
	at java.lang.Class.forName(Class.java:264)
	at com.eviware.soapui.plugins.LoaderBase.loadAutoFactories(LoaderBase.java:113)
	at com.eviware.soapui.plugins.LoaderBase.loadFactories(LoaderBase.java:80)
	at com.eviware.soapui.plugins.PluginLoader.loadPluginFactories(PluginLoader.java:141)
	at com.eviware.soapui.plugins.PluginLoader.loadPlugin(PluginLoader.java:104)
	at com.eviware.soapui.plugins.PluginLoader.loadPlugin(PluginLoader.java:54)
	at com.eviware.soapui.plugins.PluginManager.doInstallPlugin(PluginManager.java:141)
	at com.eviware.soapui.plugins.PluginManager.access$600(PluginManager.java:43)
	at com.eviware.soapui.plugins.PluginManager$LoadPluginsTask.computeSequentially(PluginManager.java:420)
	at com.eviware.soapui.plugins.PluginManager$LoadPluginsTask.compute(PluginManager.java:377)
	at com.eviware.soapui.plugins.PluginManager$LoadPluginsTask.compute(PluginManager.java:382)
	at com.eviware.soapui.plugins.PluginManager$LoadPluginsTask.compute(PluginManager.java:365)
	at java.util.concurrent.RecursiveTask.exec(RecursiveTask.java:94)
	at java.util.concurrent.ForkJoinTask.doExec(ForkJoinTask.java:289)
	at java.util.concurrent.ForkJoinPool$WorkQueue.runTask(ForkJoinPool.java:1056)
	at java.util.concurrent.ForkJoinPool.runWorker(ForkJoinPool.java:1692)
	at java.util.concurrent.ForkJoinWorkerThread.run(ForkJoinWorkerThread.java:157)
2020-07-25 22:31:15,418 INFO  [PluginManager] Adding plugin from [C:\Users\SaradaPrusty\.soapuios\plugins\ready-uxm-plugin-1.0.1-dist.jar]
2020-07-25 22:31:15,992 ERROR [SoapUI] An error occurred [com.eviware.soapui.plugins.auto.factories.AutoImportMethodFactory], see error log for details
2020-07-25 22:31:15,992 ERROR [errorlog] java.lang.ClassNotFoundException: com.eviware.soapui.plugins.auto.factories.AutoImportMethodFactory
java.lang.ClassNotFoundException: com.eviware.soapui.plugins.auto.factories.AutoImportMethodFactory
	at org.codehaus.plexus.classworlds.strategy.SelfFirstStrategy.loadClass(SelfFirstStrategy.java:50)
	at org.codehaus.plexus.classworlds.realm.ClassRealm.unsynchronizedLoadClass(ClassRealm.java:271)
	at org.codehaus.plexus.classworlds.realm.ClassRealm.loadClass(ClassRealm.java:247)
	at org.codehaus.plexus.classworlds.realm.ClassRealm.loadClass(ClassRealm.java:239)
	at java.lang.Class.forName0(Native Method)
	at java.lang.Class.forName(Class.java:264)
	at com.eviware.soapui.plugins.LoaderBase.loadAutoFactories(LoaderBase.java:113)
	at com.eviware.soapui.plugins.LoaderBase.loadFactories(LoaderBase.java:80)
	at com.eviware.soapui.plugins.PluginLoader.loadPluginFactories(PluginLoader.java:141)
	at com.eviware.soapui.plugins.PluginLoader.loadPlugin(PluginLoader.java:104)
	at com.eviware.soapui.plugins.PluginLoader.loadPlugin(PluginLoader.java:54)
	at com.eviware.soapui.plugins.PluginManager.doInstallPlugin(PluginManager.java:141)
	at com.eviware.soapui.plugins.PluginManager.access$600(PluginManager.java:43)
	at com.eviware.soapui.plugins.PluginManager$LoadPluginsTask.computeSequentially(PluginManager.java:420)
	at com.eviware.soapui.plugins.PluginManager$LoadPluginsTask.compute(PluginManager.java:377)
	at com.eviware.soapui.plugins.PluginManager$LoadPluginsTask.compute(PluginManager.java:365)
	at java.util.concurrent.RecursiveTask.exec(RecursiveTask.java:94)
	at java.util.concurrent.ForkJoinTask.doExec(ForkJoinTask.java:289)
	at java.util.concurrent.ForkJoinPool$WorkQueue.runTask(ForkJoinPool.java:1056)
	at java.util.concurrent.ForkJoinPool.runWorker(ForkJoinPool.java:1692)
	at java.util.concurrent.ForkJoinWorkerThread.run(ForkJoinWorkerThread.java:157)
2020-07-25 22:31:15,998 ERROR [SoapUI] An error occurred [com.eviware.soapui.plugins.auto.factories.AutoDiscoveryMethodFactory], see error log for details
2020-07-25 22:31:15,998 ERROR [errorlog] java.lang.ClassNotFoundException: com.eviware.soapui.plugins.auto.factories.AutoDiscoveryMethodFactory
java.lang.ClassNotFoundException: com.eviware.soapui.plugins.auto.factories.AutoDiscoveryMethodFactory
	at org.codehaus.plexus.classworlds.strategy.SelfFirstStrategy.loadClass(SelfFirstStrategy.java:50)
	at org.codehaus.plexus.classworlds.realm.ClassRealm.unsynchronizedLoadClass(ClassRealm.java:271)
	at org.codehaus.plexus.classworlds.realm.ClassRealm.loadClass(ClassRealm.java:247)
	at org.codehaus.plexus.classworlds.realm.ClassRealm.loadClass(ClassRealm.java:239)
	at java.lang.Class.forName0(Native Method)
	at java.lang.Class.forName(Class.java:264)
	at com.eviware.soapui.plugins.LoaderBase.loadAutoFactories(LoaderBase.java:113)
	at com.eviware.soapui.plugins.LoaderBase.loadFactories(LoaderBase.java:80)
	at com.eviware.soapui.plugins.PluginLoader.loadPluginFactories(PluginLoader.java:141)
	at com.eviware.soapui.plugins.PluginLoader.loadPlugin(PluginLoader.java:104)
	at com.eviware.soapui.plugins.PluginLoader.loadPlugin(PluginLoader.java:54)
	at com.eviware.soapui.plugins.PluginManager.doInstallPlugin(PluginManager.java:141)
	at com.eviware.soapui.plugins.PluginManager.access$600(PluginManager.java:43)
	at com.eviware.soapui.plugins.PluginManager$LoadPluginsTask.computeSequentially(PluginManager.java:420)
	at com.eviware.soapui.plugins.PluginManager$LoadPluginsTask.compute(PluginManager.java:377)
	at com.eviware.soapui.plugins.PluginManager$LoadPluginsTask.compute(PluginManager.java:365)
	at java.util.concurrent.RecursiveTask.exec(RecursiveTask.java:94)
	at java.util.concurrent.ForkJoinTask.doExec(ForkJoinTask.java:289)
	at java.util.concurrent.ForkJoinPool$WorkQueue.runTask(ForkJoinPool.java:1056)
	at java.util.concurrent.ForkJoinPool.runWorker(ForkJoinPool.java:1692)
	at java.util.concurrent.ForkJoinWorkerThread.run(ForkJoinWorkerThread.java:157)
2020-07-25 22:31:16,068 INFO  [PluginManager] Adding plugin from [C:\Users\SaradaPrusty\.soapuios\plugins\readyapi-postman-1.0.1.jar]
2020-07-25 22:31:19,046 ERROR [SoapUI] An error occurred [com.eviware.soapui.plugins.auto.factories.AutoImportMethodFactory], see error log for details
2020-07-25 22:31:19,047 ERROR [errorlog] java.lang.ClassNotFoundException: com.eviware.soapui.plugins.auto.factories.AutoImportMethodFactory
java.lang.ClassNotFoundException: com.eviware.soapui.plugins.auto.factories.AutoImportMethodFactory
	at org.codehaus.plexus.classworlds.strategy.SelfFirstStrategy.loadClass(SelfFirstStrategy.java:50)
	at org.codehaus.plexus.classworlds.realm.ClassRealm.unsynchronizedLoadClass(ClassRealm.java:271)
	at org.codehaus.plexus.classworlds.realm.ClassRealm.loadClass(ClassRealm.java:247)
	at org.codehaus.plexus.classworlds.realm.ClassRealm.loadClass(ClassRealm.java:239)
	at java.lang.Class.forName0(Native Method)
	at java.lang.Class.forName(Class.java:264)
	at com.eviware.soapui.plugins.LoaderBase.loadAutoFactories(LoaderBase.java:113)
	at com.eviware.soapui.plugins.LoaderBase.loadFactories(LoaderBase.java:80)
	at com.eviware.soapui.plugins.PluginLoader.loadPluginFactories(PluginLoader.java:141)
	at com.eviware.soapui.plugins.PluginLoader.loadPlugin(PluginLoader.java:104)
	at com.eviware.soapui.plugins.PluginLoader.loadPlugin(PluginLoader.java:54)
	at com.eviware.soapui.plugins.PluginManager.doInstallPlugin(PluginManager.java:141)
	at com.eviware.soapui.plugins.PluginManager.access$600(PluginManager.java:43)
	at com.eviware.soapui.plugins.PluginManager$LoadPluginsTask.computeSequentially(PluginManager.java:420)
	at com.eviware.soapui.plugins.PluginManager$LoadPluginsTask.compute(PluginManager.java:377)
	at com.eviware.soapui.plugins.PluginManager$LoadPluginsTask.compute(PluginManager.java:365)
	at java.util.concurrent.RecursiveTask.exec(RecursiveTask.java:94)
	at java.util.concurrent.ForkJoinTask.doExec(ForkJoinTask.java:289)
	at java.util.concurrent.ForkJoinPool$WorkQueue.runTask(ForkJoinPool.java:1056)
	at java.util.concurrent.ForkJoinPool.runWorker(ForkJoinPool.java:1692)
	at java.util.concurrent.ForkJoinWorkerThread.run(ForkJoinWorkerThread.java:157)
2020-07-25 22:31:19,060 ERROR [SoapUI] An error occurred [com.eviware.soapui.plugins.auto.factories.AutoDiscoveryMethodFactory], see error log for details
2020-07-25 22:31:19,060 ERROR [errorlog] java.lang.ClassNotFoundException: com.eviware.soapui.plugins.auto.factories.AutoDiscoveryMethodFactory
java.lang.ClassNotFoundException: com.eviware.soapui.plugins.auto.factories.AutoDiscoveryMethodFactory
	at org.codehaus.plexus.classworlds.strategy.SelfFirstStrategy.loadClass(SelfFirstStrategy.java:50)
	at org.codehaus.plexus.classworlds.realm.ClassRealm.unsynchronizedLoadClass(ClassRealm.java:271)
	at org.codehaus.plexus.classworlds.realm.ClassRealm.loadClass(ClassRealm.java:247)
	at org.codehaus.plexus.classworlds.realm.ClassRealm.loadClass(ClassRealm.java:239)
	at java.lang.Class.forName0(Native Method)
	at java.lang.Class.forName(Class.java:264)
	at com.eviware.soapui.plugins.LoaderBase.loadAutoFactories(LoaderBase.java:113)
	at com.eviware.soapui.plugins.LoaderBase.loadFactories(LoaderBase.java:80)
	at com.eviware.soapui.plugins.PluginLoader.loadPluginFactories(PluginLoader.java:141)
	at com.eviware.soapui.plugins.PluginLoader.loadPlugin(PluginLoader.java:104)
	at com.eviware.soapui.plugins.PluginLoader.loadPlugin(PluginLoader.java:54)
	at com.eviware.soapui.plugins.PluginManager.doInstallPlugin(PluginManager.java:141)
	at com.eviware.soapui.plugins.PluginManager.access$600(PluginManager.java:43)
	at com.eviware.soapui.plugins.PluginManager$LoadPluginsTask.computeSequentially(PluginManager.java:420)
	at com.eviware.soapui.plugins.PluginManager$LoadPluginsTask.compute(PluginManager.java:377)
	at com.eviware.soapui.plugins.PluginManager$LoadPluginsTask.compute(PluginManager.java:365)
	at java.util.concurrent.RecursiveTask.exec(RecursiveTask.java:94)
	at java.util.concurrent.ForkJoinTask.doExec(ForkJoinTask.java:289)
	at java.util.concurrent.ForkJoinPool$WorkQueue.runTask(ForkJoinPool.java:1056)
	at java.util.concurrent.ForkJoinPool.runWorker(ForkJoinPool.java:1692)
	at java.util.concurrent.ForkJoinWorkerThread.run(ForkJoinWorkerThread.java:157)
2020-07-25 22:31:19,210 ERROR [SoapUI] An error occurred [com.eviware.soapui.plugins.auto.factories.AutoImportMethodFactory], see error log for details
2020-07-25 22:31:19,210 ERROR [errorlog] java.lang.ClassNotFoundException: com.eviware.soapui.plugins.auto.factories.AutoImportMethodFactory
java.lang.ClassNotFoundException: com.eviware.soapui.plugins.auto.factories.AutoImportMethodFactory
	at org.codehaus.plexus.classworlds.strategy.SelfFirstStrategy.loadClass(SelfFirstStrategy.java:50)
	at org.codehaus.plexus.classworlds.realm.ClassRealm.unsynchronizedLoadClass(ClassRealm.java:271)
	at org.codehaus.plexus.classworlds.realm.ClassRealm.loadClass(ClassRealm.java:247)
	at org.codehaus.plexus.classworlds.realm.ClassRealm.loadClass(ClassRealm.java:239)
	at java.lang.Class.forName0(Native Method)
	at java.lang.Class.forName(Class.java:264)
	at com.eviware.soapui.plugins.LoaderBase.loadAutoFactories(LoaderBase.java:113)
	at com.eviware.soapui.plugins.LoaderBase.loadFactories(LoaderBase.java:80)
	at com.eviware.soapui.plugins.PluginLoader.loadPluginFactories(PluginLoader.java:141)
	at com.eviware.soapui.plugins.PluginLoader.loadPlugin(PluginLoader.java:104)
	at com.eviware.soapui.plugins.PluginLoader.loadPlugin(PluginLoader.java:54)
	at com.eviware.soapui.plugins.PluginManager.doInstallPlugin(PluginManager.java:141)
	at com.eviware.soapui.plugins.PluginManager.access$600(PluginManager.java:43)
	at com.eviware.soapui.plugins.PluginManager$LoadPluginsTask.computeSequentially(PluginManager.java:420)
	at com.eviware.soapui.plugins.PluginManager$LoadPluginsTask.compute(PluginManager.java:377)
	at com.eviware.soapui.plugins.PluginManager$LoadPluginsTask.compute(PluginManager.java:382)
	at com.eviware.soapui.plugins.PluginManager$LoadPluginsTask.compute(PluginManager.java:365)
	at java.util.concurrent.RecursiveTask.exec(RecursiveTask.java:94)
	at java.util.concurrent.ForkJoinTask.doExec(ForkJoinTask.java:289)
	at java.util.concurrent.ForkJoinPool$WorkQueue.runTask(ForkJoinPool.java:1056)
	at java.util.concurrent.ForkJoinPool.runWorker(ForkJoinPool.java:1692)
	at java.util.concurrent.ForkJoinWorkerThread.run(ForkJoinWorkerThread.java:157)
2020-07-25 22:31:19,213 ERROR [SoapUI] An error occurred [com.eviware.soapui.plugins.auto.factories.AutoDiscoveryMethodFactory], see error log for details
2020-07-25 22:31:19,213 ERROR [errorlog] java.lang.ClassNotFoundException: com.eviware.soapui.plugins.auto.factories.AutoDiscoveryMethodFactory
java.lang.ClassNotFoundException: com.eviware.soapui.plugins.auto.factories.AutoDiscoveryMethodFactory
	at org.codehaus.plexus.classworlds.strategy.SelfFirstStrategy.loadClass(SelfFirstStrategy.java:50)
	at org.codehaus.plexus.classworlds.realm.ClassRealm.unsynchronizedLoadClass(ClassRealm.java:271)
	at org.codehaus.plexus.classworlds.realm.ClassRealm.loadClass(ClassRealm.java:247)
	at org.codehaus.plexus.classworlds.realm.ClassRealm.loadClass(ClassRealm.java:239)
	at java.lang.Class.forName0(Native Method)
	at java.lang.Class.forName(Class.java:264)
	at com.eviware.soapui.plugins.LoaderBase.loadAutoFactories(LoaderBase.java:113)
	at com.eviware.soapui.plugins.LoaderBase.loadFactories(LoaderBase.java:80)
	at com.eviware.soapui.plugins.PluginLoader.loadPluginFactories(PluginLoader.java:141)
	at com.eviware.soapui.plugins.PluginLoader.loadPlugin(PluginLoader.java:104)
	at com.eviware.soapui.plugins.PluginLoader.loadPlugin(PluginLoader.java:54)
	at com.eviware.soapui.plugins.PluginManager.doInstallPlugin(PluginManager.java:141)
	at com.eviware.soapui.plugins.PluginManager.access$600(PluginManager.java:43)
	at com.eviware.soapui.plugins.PluginManager$LoadPluginsTask.computeSequentially(PluginManager.java:420)
	at com.eviware.soapui.plugins.PluginManager$LoadPluginsTask.compute(PluginManager.java:377)
	at com.eviware.soapui.plugins.PluginManager$LoadPluginsTask.compute(PluginManager.java:382)
	at com.eviware.soapui.plugins.PluginManager$LoadPluginsTask.compute(PluginManager.java:365)
	at java.util.concurrent.RecursiveTask.exec(RecursiveTask.java:94)
	at java.util.concurrent.ForkJoinTask.doExec(ForkJoinTask.java:289)
	at java.util.concurrent.ForkJoinPool$WorkQueue.runTask(ForkJoinPool.java:1056)
	at java.util.concurrent.ForkJoinPool.runWorker(ForkJoinPool.java:1692)
	at java.util.concurrent.ForkJoinWorkerThread.run(ForkJoinWorkerThread.java:157)
2020-07-25 22:31:19,224 INFO  [PluginManager] Adding plugin from [C:\Users\SaradaPrusty\.soapuios\plugins\readyapi-swaggerhub-plugin-1.0.jar]
2020-07-25 22:31:20,841 ERROR [SoapUI] An error occurred [com.eviware.soapui.plugins.auto.factories.AutoImportMethodFactory], see error log for details
2020-07-25 22:31:20,842 ERROR [errorlog] java.lang.ClassNotFoundException: com.eviware.soapui.plugins.auto.factories.AutoImportMethodFactory
java.lang.ClassNotFoundException: com.eviware.soapui.plugins.auto.factories.AutoImportMethodFactory
	at org.codehaus.plexus.classworlds.strategy.SelfFirstStrategy.loadClass(SelfFirstStrategy.java:50)
	at org.codehaus.plexus.classworlds.realm.ClassRealm.unsynchronizedLoadClass(ClassRealm.java:271)
	at org.codehaus.plexus.classworlds.realm.ClassRealm.loadClass(ClassRealm.java:247)
	at org.codehaus.plexus.classworlds.realm.ClassRealm.loadClass(ClassRealm.java:239)
	at java.lang.Class.forName0(Native Method)
	at java.lang.Class.forName(Class.java:264)
	at com.eviware.soapui.plugins.LoaderBase.loadAutoFactories(LoaderBase.java:113)
	at com.eviware.soapui.plugins.LoaderBase.loadFactories(LoaderBase.java:80)
	at com.eviware.soapui.plugins.PluginLoader.loadPluginFactories(PluginLoader.java:141)
	at com.eviware.soapui.plugins.PluginLoader.loadPlugin(PluginLoader.java:104)
	at com.eviware.soapui.plugins.PluginLoader.loadPlugin(PluginLoader.java:54)
	at com.eviware.soapui.plugins.PluginManager.doInstallPlugin(PluginManager.java:141)
	at com.eviware.soapui.plugins.PluginManager.access$600(PluginManager.java:43)
	at com.eviware.soapui.plugins.PluginManager$LoadPluginsTask.computeSequentially(PluginManager.java:420)
	at com.eviware.soapui.plugins.PluginManager$LoadPluginsTask.compute(PluginManager.java:377)
	at com.eviware.soapui.plugins.PluginManager$LoadPluginsTask.compute(PluginManager.java:382)
	at com.eviware.soapui.plugins.PluginManager$LoadPluginsTask.compute(PluginManager.java:365)
	at java.util.concurrent.RecursiveTask.exec(RecursiveTask.java:94)
	at java.util.concurrent.ForkJoinTask.doExec(ForkJoinTask.java:289)
	at java.util.concurrent.ForkJoinPool$WorkQueue.runTask(ForkJoinPool.java:1056)
	at java.util.concurrent.ForkJoinPool.runWorker(ForkJoinPool.java:1692)
	at java.util.concurrent.ForkJoinWorkerThread.run(ForkJoinWorkerThread.java:157)
2020-07-25 22:31:20,845 ERROR [SoapUI] An error occurred [com.eviware.soapui.plugins.auto.factories.AutoDiscoveryMethodFactory], see error log for details
2020-07-25 22:31:20,846 ERROR [errorlog] java.lang.ClassNotFoundException: com.eviware.soapui.plugins.auto.factories.AutoDiscoveryMethodFactory
java.lang.ClassNotFoundException: com.eviware.soapui.plugins.auto.factories.AutoDiscoveryMethodFactory
	at org.codehaus.plexus.classworlds.strategy.SelfFirstStrategy.loadClass(SelfFirstStrategy.java:50)
	at org.codehaus.plexus.classworlds.realm.ClassRealm.unsynchronizedLoadClass(ClassRealm.java:271)
	at org.codehaus.plexus.classworlds.realm.ClassRealm.loadClass(ClassRealm.java:247)
	at org.codehaus.plexus.classworlds.realm.ClassRealm.loadClass(ClassRealm.java:239)
	at java.lang.Class.forName0(Native Method)
	at java.lang.Class.forName(Class.java:264)
	at com.eviware.soapui.plugins.LoaderBase.loadAutoFactories(LoaderBase.java:113)
	at com.eviware.soapui.plugins.LoaderBase.loadFactories(LoaderBase.java:80)
	at com.eviware.soapui.plugins.PluginLoader.loadPluginFactories(PluginLoader.java:141)
	at com.eviware.soapui.plugins.PluginLoader.loadPlugin(PluginLoader.java:104)
	at com.eviware.soapui.plugins.PluginLoader.loadPlugin(PluginLoader.java:54)
	at com.eviware.soapui.plugins.PluginManager.doInstallPlugin(PluginManager.java:141)
	at com.eviware.soapui.plugins.PluginManager.access$600(PluginManager.java:43)
	at com.eviware.soapui.plugins.PluginManager$LoadPluginsTask.computeSequentially(PluginManager.java:420)
	at com.eviware.soapui.plugins.PluginManager$LoadPluginsTask.compute(PluginManager.java:377)
	at com.eviware.soapui.plugins.PluginManager$LoadPluginsTask.compute(PluginManager.java:382)
	at com.eviware.soapui.plugins.PluginManager$LoadPluginsTask.compute(PluginManager.java:365)
	at java.util.concurrent.RecursiveTask.exec(RecursiveTask.java:94)
	at java.util.concurrent.ForkJoinTask.doExec(ForkJoinTask.java:289)
	at java.util.concurrent.ForkJoinPool$WorkQueue.runTask(ForkJoinPool.java:1056)
	at java.util.concurrent.ForkJoinPool.runWorker(ForkJoinPool.java:1692)
	at java.util.concurrent.ForkJoinWorkerThread.run(ForkJoinWorkerThread.java:157)
2020-07-25 22:31:20,860 INFO  [PluginManager] 5 plugins loaded in 10756 ms
2020-07-25 22:31:20,860 INFO  [DefaultSoapUICore] All plugins loaded
2020-07-25 22:31:26,235 INFO  [WsdlProject] Loaded project from [file:/C:/Users/SaradaPrusty/.jenkins/workspace/RESTAssignment/my-app/REST-Assignment-soapui-project.xml]
2020-07-25 22:31:26,269 INFO  [SoapUITestCaseRunner] Running SoapUI tests in project [REST Assignment]
2020-07-25 22:31:26,275 INFO  [SoapUITestCaseRunner] Running Project [REST Assignment], runType = SEQUENTIAL
2020-07-25 22:31:26,326 INFO  [SoapUITestCaseRunner] Running SoapUI testcase [REST_TC_001]
2020-07-25 22:31:26,422 INFO  [SoapUITestCaseRunner] running step [GetAccessToken]
2020-07-25 22:31:30,367 INFO  [log] {"success":1,"error":[],"data":{"access_token":"a7563bbb2a47a17d7d1e3d72c98d149912372b76","expires_in":86400,"token_type":"Bearer"}}
2020-07-25 22:31:30,460 INFO  [log] a7563bbb2a47a17d7d1e3d72c98d149912372b76
2020-07-25 22:31:31,113 INFO  [log] HTTP status code: 200
2020-07-25 22:31:31,233 INFO  [SoapUITestCaseRunner] Assertion [Script Assertion] has status VALID
2020-07-25 22:31:31,234 INFO  [SoapUITestCaseRunner] Assertion [JsonPath Count] has status VALID
2020-07-25 22:31:31,234 INFO  [SoapUITestCaseRunner] Assertion [Valid HTTP Status Codes] has status VALID
2020-07-25 22:31:31,238 INFO  [SoapUITestCaseRunner] Finished running SoapUI testcase [REST_TC_001], time taken: 867ms, status: FINISHED
2020-07-25 22:31:31,251 INFO  [SoapUITestCaseRunner] Running SoapUI testcase [REST_TC_002]
2020-07-25 22:31:31,254 INFO  [SoapUITestCaseRunner] running step [Username&Password]
2020-07-25 22:31:31,420 INFO  [SoapUITestCaseRunner] running step [username&password transfer]
2020-07-25 22:31:31,456 INFO  [SoapUITestCaseRunner] running step [LoginUser]
2020-07-25 22:31:31,793 INFO  [SoapUITestCaseRunner] Assertion [Valid HTTP Status Codes] has status VALID
2020-07-25 22:31:31,793 INFO  [SoapUITestCaseRunner] Assertion [JsonPath Count] has status VALID
2020-07-25 22:31:31,794 INFO  [SoapUITestCaseRunner] Assertion [JsonPath Existence Match] has status VALID
2020-07-25 22:31:31,794 INFO  [SoapUITestCaseRunner] Assertion [JsonPath Match] has status VALID
2020-07-25 22:31:31,795 INFO  [SoapUITestCaseRunner] running step [GetUser]
2020-07-25 22:31:32,207 INFO  [log] {"success":1,"error":[],"data":{"user_id":"1","user_group_id":"1","username":"upskills_admin","firstname":"John","lastname":"Doe","email":"probitstechnologies@gmail.com","image":"","ip":"103.214.63.58","status":"1","date_added":"2019-11-11 07:59:33","user_group":"Administrator"}}
2020-07-25 22:31:32,211 INFO  [log] upskills_admin
2020-07-25 22:31:32,217 INFO  [SoapUITestCaseRunner] Assertion [Valid HTTP Status Codes] has status VALID
2020-07-25 22:31:32,217 INFO  [SoapUITestCaseRunner] Assertion [Script Assertion] has status VALID
2020-07-25 22:31:32,218 INFO  [SoapUITestCaseRunner] running step [LogoutUser]
2020-07-25 22:31:32,592 INFO  [log] {"success":1,"error":[],"data":[]}
2020-07-25 22:31:32,594 INFO  [log] 1
2020-07-25 22:31:32,597 INFO  [SoapUITestCaseRunner] Assertion [Valid HTTP Status Codes] has status VALID
2020-07-25 22:31:32,598 INFO  [SoapUITestCaseRunner] Assertion [JsonPath Existence Match] has status VALID
2020-07-25 22:31:32,599 INFO  [SoapUITestCaseRunner] Assertion [Script Assertion] has status VALID
2020-07-25 22:31:32,599 INFO  [SoapUITestCaseRunner] Finished running SoapUI testcase [REST_TC_002], time taken: 1021ms, status: FINISHED
2020-07-25 22:31:32,604 INFO  [SoapUITestCaseRunner] Running SoapUI testcase [REST_TC_025]
2020-07-25 22:31:32,608 INFO  [SoapUITestCaseRunner] running step [LoginUser]
2020-07-25 22:31:32,954 INFO  [log] {"success":1,"error":[],"data":{"user_id":"1","user_group_id":"1","username":"upskills_admin","firstname":"John","lastname":"Doe","email":"probitstechnologies@gmail.com","image":"","ip":"103.214.63.58","status":"1","date_added":"2019-11-11 07:59:33","user_group":"Administrator"}}
2020-07-25 22:31:32,954 INFO  [log] upskills_admin
2020-07-25 22:31:32,956 INFO  [SoapUITestCaseRunner] Assertion [Script Assertion] has status VALID
2020-07-25 22:31:32,956 INFO  [SoapUITestCaseRunner] running step [DatadrivenforAddingProduct]
2020-07-25 22:31:34,950 INFO  [log] The total number of rows are 2
2020-07-25 22:31:34,951 INFO  [log] The total number of Columns are 5
2020-07-25 22:31:35,051 INFO  [SoapUITestCaseRunner] running step [Properties]
2020-07-25 22:31:35,052 INFO  [SoapUITestCaseRunner] running step [AddProduct]
2020-07-25 22:31:36,777 INFO  [SoapUITestCaseRunner] Assertion [Valid HTTP Status Codes] has status VALID
2020-07-25 22:31:36,777 INFO  [SoapUITestCaseRunner] Assertion [JsonPath Match] has status VALID
2020-07-25 22:31:36,777 INFO  [SoapUITestCaseRunner] running step [FetchProductId]
2020-07-25 22:31:36,847 INFO  [log] {"success":1,"error":[],"data":{"id":1660}}
2020-07-25 22:31:36,847 INFO  [log] 1660
2020-07-25 22:31:36,849 INFO  [SoapUITestCaseRunner] running step [getProductbyId]
2020-07-25 22:31:37,283 INFO  [log] {"success":1,"error":[],"data":{"id":1660,"manufacturer":"","sku":"","model":"Lenovo Thinkpad","image":"","images":[],"original_image":"","original_images":[],"price":"150000.0000","tax_value":0,"price_formated":"?150,000.00","rating":0,"product_description":[{"language_id":"1","name":"Lenovo Thinkpad T450","description":"","meta_description":"","meta_keyword":"","meta_title":"Lenovo Thinkpad T450","tag":""}],"product_attributes":[],"stores":[0],"special":[],"discounts":[],"options":[],"minimum":1,"upc":"","ean":"","jan":"","isbn":"","mpn":"","location":"","stock_status":"2-3 Days","manufacturer_id":"","tax_class_id":0,"date_available":"2020-07-25","weight":"0.00000000","weight_class_id":1,"length":"0.00000000","width":"0.00000000","height":"0.00000000","length_class_id":1,"subtract":1,"sort_order":1,"status":1,"stock_status_id":6,"date_added":"2020-07-25 17:01:36","date_modified":"2020-07-25 17:01:36","viewed":0,"weight_class":"kg","length_class":"cm","reward":"","points":0,"keyword":[],"shipping":1,"category":[],"quantity":5,"reviews":{"review_total":"0"},"product_relateds":[],"filters":[],"currency_id":4,"currency_code":"INR","currency_value":"1.00000000"}}
2020-07-25 22:31:37,285 INFO  [log] 1660
2020-07-25 22:31:37,286 INFO  [log] 1660
2020-07-25 22:31:37,286 INFO  [SoapUITestCaseRunner] Assertion [Valid HTTP Status Codes] has status VALID
2020-07-25 22:31:37,286 INFO  [SoapUITestCaseRunner] Assertion [Script Assertion] has status VALID
2020-07-25 22:31:37,287 INFO  [SoapUITestCaseRunner] running step [DeleteProduct]
2020-07-25 22:31:37,578 INFO  [SoapUITestCaseRunner] Assertion [Valid HTTP Status Codes] has status VALID
2020-07-25 22:31:37,578 INFO  [SoapUITestCaseRunner] Assertion [JsonPath Count] has status VALID
2020-07-25 22:31:37,578 INFO  [SoapUITestCaseRunner] running step [getProductverify]
2020-07-25 22:31:37,938 INFO  [log] HTTP status code: 404
2020-07-25 22:31:37,939 INFO  [log] [HTTP/1.1 404 Not Found]
2020-07-25 22:31:37,939 INFO  [SoapUITestCaseRunner] Assertion [Script Assertion] has status VALID
2020-07-25 22:31:37,940 INFO  [SoapUITestCaseRunner] running step [ToWrite]
2020-07-25 22:31:38,121 INFO  [log] {"success":1,"error":[],"data":{"id":1660,"manufacturer":"","sku":"","model":"Lenovo Thinkpad","image":"","images":[],"original_image":"","original_images":[],"price":"150000.0000","tax_value":0,"price_formated":"?150,000.00","rating":0,"product_description":[{"language_id":"1","name":"Lenovo Thinkpad T450","description":"","meta_description":"","meta_keyword":"","meta_title":"Lenovo Thinkpad T450","tag":""}],"product_attributes":[],"stores":[0],"special":[],"discounts":[],"options":[],"minimum":1,"upc":"","ean":"","jan":"","isbn":"","mpn":"","location":"","stock_status":"2-3 Days","manufacturer_id":"","tax_class_id":0,"date_available":"2020-07-25","weight":"0.00000000","weight_class_id":1,"length":"0.00000000","width":"0.00000000","height":"0.00000000","length_class_id":1,"subtract":1,"sort_order":1,"status":1,"stock_status_id":6,"date_added":"2020-07-25 17:01:36","date_modified":"2020-07-25 17:01:36","viewed":0,"weight_class":"kg","length_class":"cm","reward":"","points":0,"keyword":[],"shipping":1,"category":[],"quantity":5,"reviews":{"review_total":"0"},"product_relateds":[],"filters":[],"currency_id":4,"currency_code":"INR","currency_value":"1.00000000"}}
2020-07-25 22:31:38,122 INFO  [log] {"success":0,"error":["Product not found"],"data":[]}
2020-07-25 22:31:39,189 INFO  [SoapUITestCaseRunner] Finished running SoapUI testcase [REST_TC_025], time taken: 6224ms, status: FINISHED
2020-07-25 22:31:39,205 INFO  [SoapUITestCaseRunner] Running SoapUI testcase [REST_TC_026]
2020-07-25 22:31:39,211 INFO  [SoapUITestCaseRunner] running step [AddCategory]
2020-07-25 22:31:39,506 INFO  [SoapUITestCaseRunner] Assertion [JsonPath Match] has status VALID
2020-07-25 22:31:39,507 INFO  [SoapUITestCaseRunner] running step [Groovy Script]
2020-07-25 22:31:39,575 INFO  [log] {"success":1,"error":[],"data":{"id":1350}}
2020-07-25 22:31:39,576 INFO  [log] 1350
2020-07-25 22:31:39,598 INFO  [log] 9645.6731
2020-07-25 22:31:39,600 INFO  [SoapUITestCaseRunner] running step [AddSubCategory]
2020-07-25 22:31:39,969 INFO  [log] {"success":1,"error":[],"data":{"id":1351}}
2020-07-25 22:31:39,970 INFO  [log] 1351
2020-07-25 22:31:39,970 INFO  [SoapUITestCaseRunner] Assertion [Script Assertion] has status VALID
2020-07-25 22:31:39,970 INFO  [SoapUITestCaseRunner] running step [AddProducttoStore]
2020-07-25 22:31:40,327 INFO  [log] {"success":1,"error":[],"data":{"id":1661}}
2020-07-25 22:31:40,329 INFO  [SoapUITestCaseRunner] Assertion [Valid HTTP Status Codes] has status VALID
2020-07-25 22:31:40,329 INFO  [SoapUITestCaseRunner] Assertion [Script Assertion] has status VALID
2020-07-25 22:31:40,329 INFO  [SoapUITestCaseRunner] running step [ToWriteintoExcel]
2020-07-25 22:31:40,405 INFO  [log] 1350
2020-07-25 22:31:40,405 INFO  [log] 1351
2020-07-25 22:31:40,406 INFO  [log] 9645.6731
2020-07-25 22:31:40,770 INFO  [SoapUITestCaseRunner] Finished running SoapUI testcase [REST_TC_026], time taken: 1375ms, status: FINISHED
2020-07-25 22:31:40,773 INFO  [SoapUITestCaseRunner] Running SoapUI testcase [REST_TC_027]
2020-07-25 22:31:40,774 INFO  [SoapUITestCaseRunner] running step [Groovy Script]
2020-07-25 22:31:40,925 INFO  [SoapUITestCaseRunner] Running SoapUI testcase [REST_TC_026]
2020-07-25 22:31:40,930 INFO  [SoapUITestCaseRunner] running step [AddCategory]
2020-07-25 22:31:41,260 INFO  [SoapUITestCaseRunner] Assertion [JsonPath Match] has status VALID
2020-07-25 22:31:41,260 INFO  [SoapUITestCaseRunner] running step [Groovy Script]
2020-07-25 22:31:41,277 INFO  [log] {"success":1,"error":[],"data":{"id":1352}}
2020-07-25 22:31:41,278 INFO  [log] 1352
2020-07-25 22:31:41,279 INFO  [log] 1411.4778
2020-07-25 22:31:41,280 INFO  [SoapUITestCaseRunner] running step [AddSubCategory]
2020-07-25 22:31:41,561 INFO  [log] {"success":1,"error":[],"data":{"id":1353}}
2020-07-25 22:31:41,561 INFO  [log] 1353
2020-07-25 22:31:41,565 INFO  [SoapUITestCaseRunner] Assertion [Script Assertion] has status VALID
2020-07-25 22:31:41,565 INFO  [SoapUITestCaseRunner] running step [AddProducttoStore]
2020-07-25 22:31:41,843 INFO  [log] {"success":1,"error":[],"data":{"id":1662}}
2020-07-25 22:31:41,845 INFO  [SoapUITestCaseRunner] Assertion [Valid HTTP Status Codes] has status VALID
2020-07-25 22:31:41,845 INFO  [SoapUITestCaseRunner] Assertion [Script Assertion] has status VALID
2020-07-25 22:31:41,845 INFO  [SoapUITestCaseRunner] running step [ToWriteintoExcel]
2020-07-25 22:31:41,846 INFO  [log] 1352
2020-07-25 22:31:41,847 INFO  [log] 1353
2020-07-25 22:31:41,847 INFO  [log] 1411.4778
2020-07-25 22:31:42,286 INFO  [SoapUITestCaseRunner] Finished running SoapUI testcase [REST_TC_026], time taken: 1283ms, status: FINISHED
2020-07-25 22:31:42,288 INFO  [log] Status: FINISHED, time taken for TestCase was: 1283 ms
2020-07-25 22:31:42,320 INFO  [log] Number of test Steps which ran: 5
2020-07-25 22:31:42,339 INFO  [SoapUITestCaseRunner] Finished running SoapUI testcase [REST_TC_027], time taken: 1563ms, status: FINISHED
2020-07-25 22:31:42,342 INFO  [SoapUITestCaseRunner] Running SoapUI testcase [DataDriven]
2020-07-25 22:31:42,342 INFO  [SoapUITestCaseRunner] running step [Groovy Script]
2020-07-25 22:31:43,426 INFO  [log] Total number of rows are 2
2020-07-25 22:31:43,426 INFO  [log] 1352
2020-07-25 22:31:44,048 INFO  [log] {"success":1,"error":[],"data":[{"category_id":1352,"name":"Computers & Accessories","description":"Description of the Computers & Accessories","sort_order":0,"meta_title":"Computers & Accessories","meta_description":"","meta_keyword":"","language_id":1,"status":"1","parent_id":0,"column":1,"top":"0","category_store":["0"],"category_seo_url":[],"category_layout":[],"category_filter":[],"image":"","original_image":"","categories":[]}]}
2020-07-25 22:31:44,051 INFO  [SoapUITestCaseRunner] Finished running SoapUI testcase [DataDriven], time taken: 1707ms, status: FINISHED
2020-07-25 22:31:44,052 INFO  [SoapUITestCaseRunner] Running SoapUI testcase [DataBase]
2020-07-25 22:31:44,053 INFO  [SoapUITestCaseRunner] running step [Groovy Script]
2020-07-25 22:31:45,147 INFO  [log] The Category ID is >>>   1325
2020-07-25 22:31:45,414 INFO  [log] {"success":1,"error":[],"data":[{"category_id":1325,"name":"Computers & Accessories","description":"Description of the Computers & Accessories","sort_order":0,"meta_title":"Computers & Accessories","meta_description":"","meta_keyword":"","language_id":1,"status":"1","parent_id":0,"column":1,"top":"0","category_store":["0"],"category_seo_url":[],"category_layout":[],"category_filter":[],"image":"","original_image":"","categories":[]}]}
2020-07-25 22:31:45,415 INFO  [log] The Category ID is >>>   1332
2020-07-25 22:31:45,760 INFO  [log] {"success":1,"error":[],"data":[{"category_id":1332,"name":"Computers & Accessories","description":"Description of the Computers & Accessories","sort_order":0,"meta_title":"Computers & Accessories","meta_description":"","meta_keyword":"","language_id":1,"status":"1","parent_id":0,"column":1,"top":"0","category_store":["0"],"category_seo_url":[],"category_layout":[],"category_filter":[],"image":"","original_image":"","categories":[]}]}
2020-07-25 22:31:45,761 INFO  [log] The Category ID is >>>   1334
2020-07-25 22:31:46,020 INFO  [log] {"success":1,"error":[],"data":[{"category_id":1334,"name":"Computers & Accessories","description":"Description of the Computers & Accessories","sort_order":0,"meta_title":"Computers & Accessories","meta_description":"","meta_keyword":"","language_id":1,"status":"1","parent_id":0,"column":1,"top":"0","category_store":["0"],"category_seo_url":[],"category_layout":[],"category_filter":[],"image":"","original_image":"","categories":[]}]}
2020-07-25 22:31:46,021 INFO  [log] The Category ID is >>>   1
2020-07-25 22:31:46,286 INFO  [log] The Entered category_Id doesn't exist
2020-07-25 22:31:46,291 INFO  [SoapUITestCaseRunner] Finished running SoapUI testcase [DataBase], time taken: 2238ms, status: FINISHED
2020-07-25 22:31:46,293 INFO  [SoapUITestCaseRunner] Project [REST Assignment] finished with status [FINISHED] in 20000ms
2020-07-25 22:32:07,483 WARN  [Tools] Could not delete temporary directory C:\Users\SARADA~1\AppData\Local\Temp\d24196c2-7f9d-4bd8-90be-e30003d14843
2020-07-25 22:32:07,503 WARN  [Tools] Could not delete temporary directory C:\Users\SARADA~1\AppData\Local\Temp\99108c77-b123-4238-aba7-f7629a7b052d
